# JRE version: Java(TM) SE Runtime Environment (13.0.1+9) (build 13.0.1+9)
# Java VM: Java HotSpot(TM) 64-Bit Server VM (13.0.1+9, mixed mode, sharing, tiered, compressed oops, g1 gc, windows-amd64)
Heap:
 garbage-first heap   total 96256K, used 62445K [0x00000000c1c00000, 0x0000000100000000)
  region size 1024K, 34 young (34816K), 5 survivors (5120K)
 Metaspace       used 65895K, capacity 67976K, committed 68172K, reserved 1107968K
  class space    used 8197K, capacity 9000K, committed 9088K, reserved 1048576K
GC Heap History (20 events):
Event: 17902.622 GC heap before
{Heap before GC invocations=113 (full 0):
 garbage-first heap   total 112640K, used 80416K [0x00000000c1c00000, 0x0000000100000000)
  region size 1024K, 23 young (23552K), 4 survivors (4096K)
 Metaspace       used 63909K, capacity 65741K, committed 66252K, reserved 1105920K
  class space    used 8081K, capacity 8808K, committed 8960K, reserved 1048576K
}
Event: 17902.637 GC heap after
{Heap after GC invocations=114 (full 0):
 garbage-first heap   total 112640K, used 62626K [0x00000000c1c00000, 0x0000000100000000)
  region size 1024K, 4 young (4096K), 4 survivors (4096K)
 Metaspace       used 63909K, capacity 65741K, committed 66252K, reserved 1105920K
  class space    used 8081K, capacity 8808K, committed 8960K, reserved 1048576K
}
Event: 17904.223 GC heap before
{Heap before GC invocations=115 (full 0):
 garbage-first heap   total 117760K, used 93346K [0x00000000c1c00000, 0x0000000100000000)
  region size 1024K, 31 young (31744K), 4 survivors (4096K)
 Metaspace       used 63909K, capacity 65741K, committed 66252K, reserved 1105920K
  class space    used 8081K, capacity 8808K, committed 8960K, reserved 1048576K
}
Event: 17904.234 GC heap after
{Heap after GC invocations=116 (full 0):
 garbage-first heap   total 117760K, used 66546K [0x00000000c1c00000, 0x0000000100000000)
  region size 1024K, 2 young (2048K), 2 survivors (2048K)
 Metaspace       used 63909K, capacity 65741K, committed 66252K, reserved 1105920K
  class space    used 8081K, capacity 8808K, committed 8960K, reserved 1048576K
}
Event: 17906.668 GC heap before
{Heap before GC invocations=116 (full 0):
 garbage-first heap   total 117760K, used 95218K [0x00000000c1c00000, 0x0000000100000000)
  region size 1024K, 30 young (30720K), 2 survivors (2048K)
 Metaspace       used 63909K, capacity 65741K, committed 66252K, reserved 1105920K
  class space    used 8081K, capacity 8808K, committed 8960K, reserved 1048576K
}
Event: 17906.675 GC heap after
{Heap after GC invocations=117 (full 0):
 garbage-first heap   total 117760K, used 67361K [0x00000000c1c00000, 0x0000000100000000)
  region size 1024K, 3 young (3072K), 3 survivors (3072K)
 Metaspace       used 63909K, capacity 65741K, committed 66252K, reserved 1105920K
  class space    used 8081K, capacity 8808K, committed 8960K, reserved 1048576K
}
Event: 17907.685 GC heap before
{Heap before GC invocations=118 (full 0):
 garbage-first heap   total 117760K, used 93985K [0x00000000c1c00000, 0x0000000100000000)
  region size 1024K, 31 young (31744K), 3 survivors (3072K)
 Metaspace       used 63910K, capacity 65741K, committed 66252K, reserved 1105920K
  class space    used 8081K, capacity 8808K, committed 8960K, reserved 1048576K
}
Event: 17907.700 GC heap after
{Heap after GC invocations=119 (full 0):
 garbage-first heap   total 117760K, used 68712K [0x00000000c1c00000, 0x0000000100000000)
  region size 1024K, 4 young (4096K), 4 survivors (4096K)
 Metaspace       used 63910K, capacity 65741K, committed 66252K, reserved 1105920K
  class space    used 8081K, capacity 8808K, committed 8960K, reserved 1048576K
}
Event: 18525.177 GC heap before
{Heap before GC invocations=119 (full 0):
 garbage-first heap   total 117760K, used 96360K [0x00000000c1c00000, 0x0000000100000000)
  region size 1024K, 31 young (31744K), 4 survivors (4096K)
 Metaspace       used 64001K, capacity 65874K, committed 66252K, reserved 1105920K
  class space    used 8083K, capacity 8809K, committed 8960K, reserved 1048576K
}
Event: 18525.207 GC heap after
{Heap after GC invocations=120 (full 0):
 garbage-first heap   total 117760K, used 67764K [0x00000000c1c00000, 0x0000000100000000)
  region size 1024K, 1 young (1024K), 1 survivors (1024K)
 Metaspace       used 64001K, capacity 65874K, committed 66252K, reserved 1105920K
  class space    used 8083K, capacity 8809K, committed 8960K, reserved 1048576K
}
Event: 18997.364 GC heap before
{Heap before GC invocations=121 (full 0):
 garbage-first heap   total 117760K, used 82100K [0x00000000c1c00000, 0x0000000100000000)
  region size 1024K, 18 young (18432K), 1 survivors (1024K)
 Metaspace       used 64094K, capacity 65913K, committed 66252K, reserved 1105920K
  class space    used 8097K, capacity 8823K, committed 8960K, reserved 1048576K
}
Event: 18997.775 GC heap after
{Heap after GC invocations=122 (full 1):
 garbage-first heap   total 96256K, used 25516K [0x00000000c1c00000, 0x0000000100000000)
  region size 1024K, 0 young (0K), 0 survivors (0K)
 Metaspace       used 64094K, capacity 65913K, committed 66252K, reserved 1105920K
  class space    used 8097K, capacity 8823K, committed 8960K, reserved 1048576K
}
Event: 19000.036 GC heap before
{Heap before GC invocations=122 (full 1):
 garbage-first heap   total 96256K, used 63404K [0x00000000c1c00000, 0x0000000100000000)
  region size 1024K, 38 young (38912K), 0 survivors (0K)
 Metaspace       used 64233K, capacity 66093K, committed 66508K, reserved 1107968K
  class space    used 8105K, capacity 8836K, committed 8960K, reserved 1048576K
}
Event: 19000.041 GC heap after
{Heap after GC invocations=123 (full 1):
 garbage-first heap   total 96256K, used 27325K [0x00000000c1c00000, 0x0000000100000000)
  region size 1024K, 2 young (2048K), 2 survivors (2048K)
 Metaspace       used 64233K, capacity 66093K, committed 66508K, reserved 1107968K
  class space    used 8105K, capacity 8836K, committed 8960K, reserved 1048576K
}
Event: 19001.232 GC heap before
{Heap before GC invocations=123 (full 1):
 garbage-first heap   total 96256K, used 68285K [0x00000000c1c00000, 0x0000000100000000)
  region size 1024K, 43 young (44032K), 2 survivors (2048K)
 Metaspace       used 64546K, capacity 66450K, committed 66764K, reserved 1107968K
  class space    used 8126K, capacity 8887K, committed 8960K, reserved 1048576K
}
Event: 19001.238 GC heap after
{Heap after GC invocations=124 (full 1):
 garbage-first heap   total 96256K, used 29137K [0x00000000c1c00000, 0x0000000100000000)
  region size 1024K, 4 young (4096K), 4 survivors (4096K)
 Metaspace       used 64546K, capacity 66450K, committed 66764K, reserved 1107968K
  class space    used 8126K, capacity 8887K, committed 8960K, reserved 1048576K
}
Event: 19004.089 GC heap before
{Heap before GC invocations=124 (full 1):
 garbage-first heap   total 96256K, used 69073K [0x00000000c1c00000, 0x0000000100000000)
  region size 1024K, 44 young (45056K), 4 survivors (4096K)
 Metaspace       used 65170K, capacity 67065K, committed 67276K, reserved 1107968K
  class space    used 8146K, capacity 8905K, committed 8960K, reserved 1048576K
}
Event: 19004.100 GC heap after
{Heap after GC invocations=125 (full 1):
 garbage-first heap   total 96256K, used 31610K [0x00000000c1c00000, 0x0000000100000000)
  region size 1024K, 5 young (5120K), 5 survivors (5120K)
 Metaspace       used 65170K, capacity 67065K, committed 67276K, reserved 1107968K
  class space    used 8146K, capacity 8905K, committed 8960K, reserved 1048576K
}
Event: 19005.176 GC heap before
{Heap before GC invocations=125 (full 1):
 garbage-first heap   total 96256K, used 70522K [0x00000000c1c00000, 0x0000000100000000)
  region size 1024K, 43 young (44032K), 5 survivors (5120K)
 Metaspace       used 65663K, capacity 67663K, committed 67788K, reserved 1107968K
  class space    used 8177K, capacity 8933K, committed 8960K, reserved 1048576K
}
Event: 19005.194 GC heap after
{Heap after GC invocations=126 (full 1):
 garbage-first heap   total 96256K, used 33773K [0x00000000c1c00000, 0x0000000100000000)
  region size 1024K, 5 young (5120K), 5 survivors (5120K)
 Metaspace       used 65663K, capacity 67663K, committed 67788K, reserved 1107968K
  class space    used 8177K, capacity 8933K, committed 8960K, reserved 1048576K
}

